22-Apr-2026 11:13:33.453 信息 [main] org.apache.catalina.core.ApplicationContext.log No Spring WebApplicationInitializer types detected on classpath
22-Apr-2026 11:13:33.478 信息 [main] org.apache.catalina.core.ApplicationContext.log Initializing Spring root WebApplicationContext
22-Apr-2026 11:13:35.459 信息 [main] org.apache.catalina.core.ApplicationContext.log Initializing Spring DispatcherServlet 'dispatcherServlet'
22-Apr-2026 11:13:56.945 信息 [Thread-1] org.apache.catalina.core.ApplicationContext.log Destroying Spring FrameworkServlet 'dispatcherServlet'
22-Apr-2026 11:13:56.947 信息 [Thread-1] org.apache.catalina.core.ApplicationContext.log Closing Spring root WebApplicationContext
22-Apr-2026 11:39:41.848 信息 [main] org.apache.catalina.core.ApplicationContext.log No Spring WebApplicationInitializer types detected on classpath
22-Apr-2026 11:39:41.874 信息 [main] org.apache.catalina.core.ApplicationContext.log Initializing Spring root WebApplicationContext
22-Apr-2026 11:39:43.892 信息 [main] org.apache.catalina.core.ApplicationContext.log Initializing Spring DispatcherServlet 'dispatcherServlet'
22-Apr-2026 11:40:30.456 信息 [Thread-1] org.apache.catalina.core.ApplicationContext.log Destroying Spring FrameworkServlet 'dispatcherServlet'
22-Apr-2026 11:40:30.458 信息 [Thread-1] org.apache.catalina.core.ApplicationContext.log Closing Spring root WebApplicationContext
22-Apr-2026 12:18:43.843 信息 [main] org.apache.catalina.core.ApplicationContext.log No Spring WebApplicationInitializer types detected on classpath
22-Apr-2026 12:18:43.867 信息 [main] org.apache.catalina.core.ApplicationContext.log Initializing Spring root WebApplicationContext
22-Apr-2026 12:18:45.942 信息 [main] org.apache.catalina.core.ApplicationContext.log Initializing Spring DispatcherServlet 'dispatcherServlet'
22-Apr-2026 12:23:50.652 信息 [Thread-1] org.apache.catalina.core.ApplicationContext.log Destroying Spring FrameworkServlet 'dispatcherServlet'
22-Apr-2026 12:23:50.654 信息 [Thread-1] org.apache.catalina.core.ApplicationContext.log Closing Spring root WebApplicationContext
22-Apr-2026 12:28:18.141 信息 [main] org.apache.catalina.core.ApplicationContext.log No Spring WebApplicationInitializer types detected on classpath
22-Apr-2026 12:28:18.172 信息 [main] org.apache.catalina.core.ApplicationContext.log Initializing Spring root WebApplicationContext
22-Apr-2026 12:28:20.180 信息 [main] org.apache.catalina.core.ApplicationContext.log Initializing Spring DispatcherServlet 'dispatcherServlet'
22-Apr-2026 12:29:34.326 信息 [Thread-1] org.apache.catalina.core.ApplicationContext.log Destroying Spring FrameworkServlet 'dispatcherServlet'
22-Apr-2026 12:29:34.328 信息 [Thread-1] org.apache.catalina.core.ApplicationContext.log Closing Spring root WebApplicationContext
22-Apr-2026 12:29:40.001 信息 [main] org.apache.catalina.core.ApplicationContext.log No Spring WebApplicationInitializer types detected on classpath
22-Apr-2026 12:29:40.028 信息 [main] org.apache.catalina.core.ApplicationContext.log Initializing Spring root WebApplicationContext
22-Apr-2026 12:29:42.090 信息 [main] org.apache.catalina.core.ApplicationContext.log Initializing Spring DispatcherServlet 'dispatcherServlet'
22-Apr-2026 12:33:18.037 信息 [Thread-1] org.apache.catalina.core.ApplicationContext.log Destroying Spring FrameworkServlet 'dispatcherServlet'
22-Apr-2026 12:33:18.039 信息 [Thread-1] org.apache.catalina.core.ApplicationContext.log Closing Spring root WebApplicationContext
